s:\projects\personal\extproject\tarkydriver\x64\debug\vc143.pdb
s:\projects\personal\extproject\tarkydriver\x64\debug\vc143.idb
s:\projects\personal\extproject\tarkydriver\x64\debug\driver.obj
s:\projects\personal\extproject\x64\debug\externalmemorymodule.lib
s:\projects\personal\extproject\x64\debug\externalmemorymodule.exp
s:\projects\personal\extproject\tarkydriver\x64\debug\externalmemorymodule.ilk
s:\projects\personal\extproject\x64\debug\externalmemorymodule.dll
s:\projects\personal\extproject\x64\debug\externalmemorymodule.pdb
s:\projects\personal\externalmemorylibrary\externalmemorymodule\x64\debug\driver.obj
s:\projects\personal\externalmemorylibrary\externalmemorymodule\x64\debug\externalmemorymodule.ilk
s:\projects\personal\externalmemorylibrary\externalmemorymodule\x64\debug\vc143.idb
s:\projects\personal\externalmemorylibrary\externalmemorymodule\x64\debug\vc143.pdb
s:\projects\personal\tarkovproject\x64\debug\externalmemorymodule.pdb
s:\projects\personal\tarkovproject\x64\debug\externalmemorymodule.dll
s:\projects\personal\externalmemorylibrary\externalmemorymodule\x64\debug\external.39722e3f.tlog\cl.command.1.tlog
s:\projects\personal\externalmemorylibrary\externalmemorymodule\x64\debug\external.39722e3f.tlog\cl.read.1.tlog
s:\projects\personal\externalmemorylibrary\externalmemorymodule\x64\debug\external.39722e3f.tlog\cl.write.1.tlog
s:\projects\personal\externalmemorylibrary\externalmemorymodule\x64\debug\external.39722e3f.tlog\externalmemorymodule.write.1u.tlog
s:\projects\personal\externalmemorylibrary\externalmemorymodule\x64\debug\external.39722e3f.tlog\link.command.1.tlog
s:\projects\personal\externalmemorylibrary\externalmemorymodule\x64\debug\external.39722e3f.tlog\link.read.1.tlog
s:\projects\personal\externalmemorylibrary\externalmemorymodule\x64\debug\external.39722e3f.tlog\link.write.1.tlog
